Using pre-set license
Built from '2021.2/staging' branch; Version is '2021.2.1f1 (c20c6d589440) revision 12717165'; Using compiler version '192829333'; Build Type 'Release'
OS: 'Windows 10 Home; OS build 19042.1466; Version 2009; 64bit' Language: 'en' Physical Memory: 32720 MB
BatchMode: 1, IsHumanControllingUs: 0, StartBugReporterOnCrash: 0, Is64bit: 1, IsPro: 0

COMMAND LINE ARGUMENTS:
C:\Program Files\Unity\Hub\Editor\2021.2.1f1\Editor\Unity.exe
-adb2
-batchMode
-noUpm
-name
AssetImportWorker0
-projectPath
C:/Users/brian/Documents/Unity Projects/GGD2022Proto
-logFile
Logs/AssetImportWorker0.log
-srvPort
62604
Successfully changed project path to: C:/Users/brian/Documents/Unity Projects/GGD2022Proto
C:/Users/brian/Documents/Unity Projects/GGD2022Proto
[UnityMemory] Configuration Parameters - Can be set up in boot.config
    "memorysetup-bucket-allocator-granularity=16"
    "memorysetup-bucket-allocator-bucket-count=8"
    "memorysetup-bucket-allocator-block-size=33554432"
    "memorysetup-bucket-allocator-block-count=8"
    "memorysetup-main-allocator-block-size=16777216"
    "memorysetup-thread-allocator-block-size=16777216"
    "memorysetup-gfx-main-allocator-block-size=16777216"
    "memorysetup-gfx-thread-allocator-block-size=16777216"
    "memorysetup-cache-allocator-block-size=4194304"
    "memorysetup-typetree-allocator-block-size=2097152"
    "memorysetup-profiler-bucket-allocator-granularity=16"
    "memorysetup-profiler-bucket-allocator-bucket-count=8"
    "memorysetup-profiler-bucket-allocator-block-size=33554432"
    "memorysetup-profiler-bucket-allocator-block-count=8"
    "memorysetup-profiler-allocator-block-size=16777216"
    "memorysetup-profiler-editor-allocator-block-size=1048576"
    "memorysetup-temp-allocator-size-main=16777216"
    "memorysetup-job-temp-allocator-block-size=2097152"
    "memorysetup-job-temp-allocator-block-size-background=1048576"
    "memorysetup-job-temp-allocator-reduction-small-platforms=262144"
    "memorysetup-temp-allocator-size-background-worker=32768"
    "memorysetup-temp-allocator-size-job-worker=262144"
    "memorysetup-temp-allocator-size-preload-manager=33554432"
    "memorysetup-temp-allocator-size-nav-mesh-worker=65536"
    "memorysetup-temp-allocator-size-audio-worker=65536"
    "memorysetup-temp-allocator-size-cloud-worker=32768"
    "memorysetup-temp-allocator-size-gi-baking-worker=262144"
    "memorysetup-temp-allocator-size-gfx=262144"
Refreshing native plugins compatible for Editor in 78.92 ms, found 3 plugins.
Preloading 0 native plugins for Editor in 0.00 ms.
Initialize engine version: 2021.2.1f1 (c20c6d589440)
[Subsystems] Discovering subsystems at path C:/Program Files/Unity/Hub/Editor/2021.2.1f1/Editor/Data/Resources/UnitySubsystems
[Subsystems] Discovering subsystems at path C:/Users/brian/Documents/Unity Projects/GGD2022Proto/Assets
GfxDevice: creating device client; threaded=0; jobified=0
Direct3D:
    Version:  Direct3D 11.0 [level 11.1]
    Renderer: NVIDIA GeForce RTX 2070 (ID=0x1f02)
    Vendor:   NVIDIA
    VRAM:     8031 MB
    Driver:   30.0.14.9709
Initialize mono
Mono path[0] = 'C:/Program Files/Unity/Hub/Editor/2021.2.1f1/Editor/Data/Managed'
Mono path[1] = 'C:/Program Files/Unity/Hub/Editor/2021.2.1f1/Editor/Data/MonoBleedingEdge/lib/mono/unityjit-win32'
Mono config path = 'C:/Program Files/Unity/Hub/Editor/2021.2.1f1/Editor/Data/MonoBleedingEdge/etc'
Using monoOptions --debugger-agent=transport=dt_socket,embedding=1,server=y,suspend=n,address=127.0.0.1:56944
Begin MonoManager ReloadAssembly
Registering precompiled unity dll's ...
Register platform support module: C:/Program Files/Unity/Hub/Editor/2021.2.1f1/Editor/Data/PlaybackEngines/WindowsStandaloneSupport/UnityEditor.WindowsStandalone.Extensions.dll
Registered in 0.011716 seconds.
Native extension for WindowsStandalone target not found
Refreshing native plugins compatible for Editor in 75.99 ms, found 3 plugins.
Preloading 0 native plugins for Editor in 0.00 ms.
Mono: successfully reloaded assembly
- Completed reload, in  1.433 seconds
Domain Reload Profiling:
	ReloadAssembly (1433ms)
		BeginReloadAssembly (95ms)
			ExecutionOrderSort (0ms)
			DisableScriptedObjects (0ms)
			BackupInstance (0ms)
			ReleaseScriptingObjects (0ms)
			CreateAndSetChildDomain (1ms)
		EndReloadAssembly (573ms)
			LoadAssemblies (92ms)
			RebuildTransferFunctionScriptingTraits (0ms)
			SetupTypeCache (120ms)
			ReleaseScriptCaches (0ms)
			RebuildScriptCaches (36ms)
			SetupLoadedEditorAssemblies (334ms)
				LogAssemblyErrors (0ms)
				InitializePlatformSupportModulesInManaged (9ms)
				SetLoadedEditorAssemblies (0ms)
				RefreshPlugins (76ms)
				BeforeProcessingInitializeOnLoad (2ms)
				ProcessInitializeOnLoadAttributes (185ms)
				ProcessInitializeOnLoadMethodAttributes (62ms)
				AfterProcessingInitializeOnLoad (0ms)
				EditorAssembliesLoaded (0ms)
			ExecutionOrderSort2 (0ms)
			AwakeInstancesAfterBackupRestoration (0ms)
Platform modules already initialized, skipping
Registering precompiled user dll's ...
Registered in 0.008623 seconds.
Begin MonoManager ReloadAssembly
Symbol file LoadedFromMemory doesn't match image C:\Users\brian\Documents\Unity Projects\GGD2022Proto\Library\PackageCache\com.unity.visualscripting@1.7.5\Editor\VisualScripting.Core\Dependencies\YamlDotNet\Unity.VisualScripting.YamlDotNet.dll
Symbol file LoadedFromMemory doesn't match image C:\Users\brian\Documents\Unity Projects\GGD2022Proto\Library\PackageCache\com.unity.visualscripting@1.7.5\Editor\VisualScripting.Core\Dependencies\DotNetZip\Unity.VisualScripting.IonicZip.dll
Native extension for WindowsStandalone target not found
Refreshing native plugins compatible for Editor in 0.63 ms, found 3 plugins.
Preloading 0 native plugins for Editor in 0.00 ms.
Mono: successfully reloaded assembly
- Completed reload, in  1.381 seconds
Domain Reload Profiling:
	ReloadAssembly (1382ms)
		BeginReloadAssembly (207ms)
			ExecutionOrderSort (0ms)
			DisableScriptedObjects (8ms)
			BackupInstance (0ms)
			ReleaseScriptingObjects (0ms)
			CreateAndSetChildDomain (24ms)
		EndReloadAssembly (1056ms)
			LoadAssemblies (99ms)
			RebuildTransferFunctionScriptingTraits (0ms)
			SetupTypeCache (300ms)
			ReleaseScriptCaches (1ms)
			RebuildScriptCaches (71ms)
			SetupLoadedEditorAssemblies (466ms)
				LogAssemblyErrors (0ms)
				InitializePlatformSupportModulesInManaged (15ms)
				SetLoadedEditorAssemblies (0ms)
				RefreshPlugins (1ms)
				BeforeProcessingInitializeOnLoad (104ms)
				ProcessInitializeOnLoadAttributes (306ms)
				ProcessInitializeOnLoadMethodAttributes (27ms)
				AfterProcessingInitializeOnLoad (13ms)
				EditorAssembliesLoaded (0ms)
			ExecutionOrderSort2 (0ms)
			AwakeInstancesAfterBackupRestoration (6ms)
Platform modules already initialized, skipping
========================================================================
Worker process is ready to serve import requests
Launched and connected shader compiler UnityShaderCompiler.exe after 0.06 seconds
Refreshing native plugins compatible for Editor in 1.32 ms, found 3 plugins.
Preloading 0 native plugins for Editor in 0.00 ms.
Unloading 3230 Unused Serialized files (Serialized files now loaded: 0)
Unloading 24 unused Assets / (44.1 KB). Loaded Objects now: 3689.
Memory consumption went from 116.8 MB to 116.8 MB.
Total: 4.036100 ms (FindLiveObjects: 0.414700 ms CreateObjectMapping: 0.093700 ms MarkObjects: 3.430500 ms  DeleteObjects: 0.095000 ms)

AssetImportParameters requested are different than current active one (requested -> active):
  custom:video-decoder-ogg-theora: a1e56fd34408186e4bbccfd4996cb3dc -> 
  custom:container-muxer-webm: aa71ff27fc2769a1b78a27578f13a17b -> 
  custom:container-demuxer-webm: 4f35f7cbe854078d1ac9338744f61a02 -> 
  custom:video-encoder-webm-vp8: eb34c28f22e8b96e1ab97ce403110664 -> 
  custom:audio-encoder-webm-vorbis: bf7c407c2cedff20999df2af8eb42d56 -> 
  custom:framework-win-MediaFoundation: 216162199b28c13a410421893ffa2e32 -> 
  custom:container-demuxer-ogg: 62fdf1f143b41e24485cea50d1cbac27 -> 
  custom:video-decoder-webm-vp8: 9c59270c3fd7afecdb556c50c9e8de78 -> 
  custom:audio-decoder-ogg-vorbis: bf7c407c2cedff20999df2af8eb42d56 -> 
========================================================================
Received Import Request.
  Time since last request: 37689.014435 seconds.
  path: Assets/Models/Props/GameBoy.png
  artifactKey: Guid(ad052500f025cc74cb55902ba83c8eb2) Importer(815301076,1909f56bfc062723c751e8b465ee728b)
Start importing Assets/Models/Props/GameBoy.png using Guid(ad052500f025cc74cb55902ba83c8eb2) Importer(815301076,1909f56bfc062723c751e8b465ee728b)  -> (artifact id: '0da5bd6abf2a58c56d6b44d15d86f484') in 0.133718 seconds 
========================================================================
Received Import Request.
  Time since last request: 0.000021 seconds.
  path: Assets/Models/Props
  artifactKey: Guid(c415715196614344fae84735a7883627) Importer(815301076,1909f56bfc062723c751e8b465ee728b)
Start importing Assets/Models/Props using Guid(c415715196614344fae84735a7883627) Importer(815301076,1909f56bfc062723c751e8b465ee728b)  -> (artifact id: '3e57677ad0a95e2911a232313554c1b1') in 0.007236 seconds 
========================================================================
Received Import Request.
  Time since last request: 13.940116 seconds.
  path: Assets/Models/Props/GameBoy.obj
  artifactKey: Guid(87e59d63292a54d41b20f1cb89f85610) Importer(815301076,1909f56bfc062723c751e8b465ee728b)
Start importing Assets/Models/Props/GameBoy.obj using Guid(87e59d63292a54d41b20f1cb89f85610) Importer(815301076,1909f56bfc062723c751e8b465ee728b)  -> (artifact id: '4701605e12d9938c29d4e5867af0e939') in 0.122726 seconds 
========================================================================
Received Import Request.
  Time since last request: 6.770076 seconds.
  path: Assets/Models/Props/GameBoy.obj
  artifactKey: Guid(87e59d63292a54d41b20f1cb89f85610) Importer(815301076,1909f56bfc062723c751e8b465ee728b)
Start importing Assets/Models/Props/GameBoy.obj using Guid(87e59d63292a54d41b20f1cb89f85610) Importer(815301076,1909f56bfc062723c751e8b465ee728b)  -> (artifact id: 'ee528f024faf3552e332d95191e31d04') in 0.027009 seconds 
========================================================================
Received Import Request.
  Time since last request: 5.412743 seconds.
  path: Assets/Models/Props/GameBoy.obj
  artifactKey: Guid(87e59d63292a54d41b20f1cb89f85610) Importer(815301076,1909f56bfc062723c751e8b465ee728b)
Start importing Assets/Models/Props/GameBoy.obj using Guid(87e59d63292a54d41b20f1cb89f85610) Importer(815301076,1909f56bfc062723c751e8b465ee728b)  -> (artifact id: '1b787be3d9550bdef195553f14ea4b9e') in 0.032735 seconds 
========================================================================
Received Import Request.
  Time since last request: 2325.465081 seconds.
  path: Assets/TextMesh Pro
  artifactKey: Guid(f54d1bd14bd3ca042bd867b519fee8cc) Importer(815301076,1909f56bfc062723c751e8b465ee728b)
Start importing Assets/TextMesh Pro using Guid(f54d1bd14bd3ca042bd867b519fee8cc) Importer(815301076,1909f56bfc062723c751e8b465ee728b)  -> (artifact id: 'f5648c5ef36b7beab651a001a8d08867') in 0.006602 seconds 
========================================================================
Received Import Request.
  Time since last request: 3.982619 seconds.
  path: Assets/Models/Props/Child_Real.obj
  artifactKey: Guid(43fa43532ccb8134bbeace931cc3da57) Importer(815301076,1909f56bfc062723c751e8b465ee728b)
Start importing Assets/Models/Props/Child_Real.obj using Guid(43fa43532ccb8134bbeace931cc3da57) Importer(815301076,1909f56bfc062723c751e8b465ee728b)  -> (artifact id: '08573c6d088d61060611b33be1e89c2b') in 0.030960 seconds 
========================================================================
Received Import Request.
  Time since last request: 500.284884 seconds.
  path: Assets/Models/Characters/Child_Real.obj
  artifactKey: Guid(43fa43532ccb8134bbeace931cc3da57) Importer(815301076,1909f56bfc062723c751e8b465ee728b)
Start importing Assets/Models/Characters/Child_Real.obj using Guid(43fa43532ccb8134bbeace931cc3da57) Importer(815301076,1909f56bfc062723c751e8b465ee728b)  -> (artifact id: 'fe569abad080e9f44ae37a0c491cd031') in 0.030786 seconds 
========================================================================
Received Import Request.
  Time since last request: 3.331044 seconds.
  path: Assets/Models/Characters/Child_Real.obj
  artifactKey: Guid(43fa43532ccb8134bbeace931cc3da57) Importer(815301076,1909f56bfc062723c751e8b465ee728b)
Start importing Assets/Models/Characters/Child_Real.obj using Guid(43fa43532ccb8134bbeace931cc3da57) Importer(815301076,1909f56bfc062723c751e8b465ee728b)  -> (artifact id: '633f59109b5ae9f214d947f5a5616682') in 0.027744 seconds 
========================================================================
Received Import Request.
  Time since last request: 29.411812 seconds.
  path: Assets/Animations/Crouched Walking.fbx
  artifactKey: Guid(2baaf9d00f29e324aaa96c015a194768) Importer(815301076,1909f56bfc062723c751e8b465ee728b)
Start importing Assets/Animations/Crouched Walking.fbx using Guid(2baaf9d00f29e324aaa96c015a194768) Importer(815301076,1909f56bfc062723c751e8b465ee728b)  -> (artifact id: '1d05bc16e87b22065c067e5a78d8e380') in 0.085012 seconds 
========================================================================
Received Import Request.
  Time since last request: 0.000027 seconds.
  path: Assets/Animations/Happy Idle.fbx
  artifactKey: Guid(ebe4738b892d70d478525f33bcc753c6) Importer(815301076,1909f56bfc062723c751e8b465ee728b)
Start importing Assets/Animations/Happy Idle.fbx using Guid(ebe4738b892d70d478525f33bcc753c6) Importer(815301076,1909f56bfc062723c751e8b465ee728b)  -> (artifact id: '01000dff64bc1fdf6aec74255aaaee39') in 0.035891 seconds 
========================================================================
Received Import Request.
  Time since last request: 0.000028 seconds.
  path: Assets/Animations/Standing Draw Arrow.fbx
  artifactKey: Guid(887452ff87fc5d641a2c78eccbff8993) Importer(815301076,1909f56bfc062723c751e8b465ee728b)
Start importing Assets/Animations/Standing Draw Arrow.fbx using Guid(887452ff87fc5d641a2c78eccbff8993) Importer(815301076,1909f56bfc062723c751e8b465ee728b)  -> (artifact id: '5ff8fe72fbf61e75b83672b9f4bfc9e6') in 0.034844 seconds 
Editor requested this worker to shutdown with reason: Scaling down because of idle timeout
AssetImportWorker is now disconnected from the server
Process exiting
Exiting without the bug reporter. Application will terminate with return code 0